2018-janvier-04 17:46:19 [main] FATAL levy.daniel.application.apptechnic.configurationmanagers.BundleConfigurationProjetManager - Classe BundleConfigurationProjetManager - Méthode getPathWorkspace() - La clé : 'workspace.home' est introuvable dans configuration_projet_fr_FR.properties
java.util.MissingResourceException: Can't find resource for bundle java.util.PropertyResourceBundle, key workspace.home
	at java.util.ResourceBundle.getObject(ResourceBundle.java:450) ~[?:1.8.0_144]
	at java.util.ResourceBundle.getString(ResourceBundle.java:407) ~[?:1.8.0_144]
	at levy.daniel.application.apptechnic.configurationmanagers.BundleConfigurationProjetManager.getPathWorkspace(BundleConfigurationProjetManager.java:425) [classes/:?]
	at levy.daniel.application.apptechnic.configurationmanagers.BundleConfigurationProjetManagerTest.testGetPathWorkspace(BundleConfigurationProjetManagerTest.java:302) [test-classes/:?]
	at sun.reflect.NativeMethodAccessorImpl.invoke0(Native Method) ~[?:1.8.0_144]
	at sun.reflect.NativeMethodAccessorImpl.invoke(NativeMethodAccessorImpl.java:62) ~[?:1.8.0_144]
	at sun.reflect.DelegatingMethodAccessorImpl.invoke(DelegatingMethodAccessorImpl.java:43) ~[?:1.8.0_144]
	at java.lang.reflect.Method.invoke(Method.java:498) ~[?:1.8.0_144]
	at org.junit.runners.model.FrameworkMethod$1.runReflectiveCall(FrameworkMethod.java:50) [junit-4.12.jar:4.12]
	at org.junit.internal.runners.model.ReflectiveCallable.run(ReflectiveCallable.java:12) [junit-4.12.jar:4.12]
	at org.junit.runners.model.FrameworkMethod.invokeExplosively(FrameworkMethod.java:47) [junit-4.12.jar:4.12]
	at org.junit.internal.runners.statements.InvokeMethod.evaluate(InvokeMethod.java:17) [junit-4.12.jar:4.12]
	at org.junit.runners.ParentRunner.runLeaf(ParentRunner.java:325) [junit-4.12.jar:4.12]
	at org.junit.runners.BlockJUnit4ClassRunner.runChild(BlockJUnit4ClassRunner.java:78) [junit-4.12.jar:4.12]
	at org.junit.runners.BlockJUnit4ClassRunner.runChild(BlockJUnit4ClassRunner.java:57) [junit-4.12.jar:4.12]
	at org.junit.runners.ParentRunner$3.run(ParentRunner.java:290) [junit-4.12.jar:4.12]
	at org.junit.runners.ParentRunner$1.schedule(ParentRunner.java:71) [junit-4.12.jar:4.12]
	at org.junit.runners.ParentRunner.runChildren(ParentRunner.java:288) [junit-4.12.jar:4.12]
	at org.junit.runners.ParentRunner.access$000(ParentRunner.java:58) [junit-4.12.jar:4.12]
	at org.junit.runners.ParentRunner$2.evaluate(ParentRunner.java:268) [junit-4.12.jar:4.12]
	at org.junit.runners.ParentRunner.run(ParentRunner.java:363) [junit-4.12.jar:4.12]
	at org.eclipse.jdt.internal.junit4.runner.JUnit4TestReference.run(JUnit4TestReference.java:86) [.cp/:?]
	at org.eclipse.jdt.internal.junit.runner.TestExecution.run(TestExecution.java:38) [.cp/:?]
	at org.eclipse.jdt.internal.junit.runner.RemoteTestRunner.runTests(RemoteTestRunner.java:459) [.cp/:?]
	at org.eclipse.jdt.internal.junit.runner.RemoteTestRunner.runTests(RemoteTestRunner.java:678) [.cp/:?]
	at org.eclipse.jdt.internal.junit.runner.RemoteTestRunner.run(RemoteTestRunner.java:382) [.cp/:?]
	at org.eclipse.jdt.internal.junit.runner.RemoteTestRunner.main(RemoteTestRunner.java:192) [.cp/:?]
2018-janvier-04 17:47:49 [main] FATAL levy.daniel.application.apptechnic.configurationmanagers.BundleConfigurationProjetManager - Classe BundleConfigurationProjetManager - Méthode getBundleInterne(String pNomBaseProperties, Locale pLocale) - Le fichier 'configuration_projet_fr_FR.properties' est introuvable. Il devrait se trouver juste sous la racine des binaires /bin
java.util.MissingResourceException: Can't find bundle for base name configuration_projet, locale fr_FR
	at java.util.ResourceBundle.throwMissingResourceException(ResourceBundle.java:1564) ~[?:1.8.0_144]
	at java.util.ResourceBundle.getBundleImpl(ResourceBundle.java:1387) ~[?:1.8.0_144]
	at java.util.ResourceBundle.getBundle(ResourceBundle.java:845) ~[?:1.8.0_144]
	at levy.daniel.application.apptechnic.configurationmanagers.BundleConfigurationProjetManager.getBundleInterne(BundleConfigurationProjetManager.java:356) [classes/:?]
	at levy.daniel.application.apptechnic.configurationmanagers.BundleConfigurationProjetManager.getBundleConfigurationProjet(BundleConfigurationProjetManager.java:272) [classes/:?]
	at levy.daniel.application.apptechnic.configurationmanagers.BundleConfigurationProjetManager.getPathWorkspace(BundleConfigurationProjetManager.java:419) [classes/:?]
	at levy.daniel.application.apptechnic.configurationmanagers.BundleConfigurationProjetManagerTest.testGetPathWorkspace(BundleConfigurationProjetManagerTest.java:302) [test-classes/:?]
	at sun.reflect.NativeMethodAccessorImpl.invoke0(Native Method) ~[?:1.8.0_144]
	at sun.reflect.NativeMethodAccessorImpl.invoke(NativeMethodAccessorImpl.java:62) ~[?:1.8.0_144]
	at sun.reflect.DelegatingMethodAccessorImpl.invoke(DelegatingMethodAccessorImpl.java:43) ~[?:1.8.0_144]
	at java.lang.reflect.Method.invoke(Method.java:498) ~[?:1.8.0_144]
	at org.junit.runners.model.FrameworkMethod$1.runReflectiveCall(FrameworkMethod.java:50) [junit-4.12.jar:4.12]
	at org.junit.internal.runners.model.ReflectiveCallable.run(ReflectiveCallable.java:12) [junit-4.12.jar:4.12]
	at org.junit.runners.model.FrameworkMethod.invokeExplosively(FrameworkMethod.java:47) [junit-4.12.jar:4.12]
	at org.junit.internal.runners.statements.InvokeMethod.evaluate(InvokeMethod.java:17) [junit-4.12.jar:4.12]
	at org.junit.runners.ParentRunner.runLeaf(ParentRunner.java:325) [junit-4.12.jar:4.12]
	at org.junit.runners.BlockJUnit4ClassRunner.runChild(BlockJUnit4ClassRunner.java:78) [junit-4.12.jar:4.12]
	at org.junit.runners.BlockJUnit4ClassRunner.runChild(BlockJUnit4ClassRunner.java:57) [junit-4.12.jar:4.12]
	at org.junit.runners.ParentRunner$3.run(ParentRunner.java:290) [junit-4.12.jar:4.12]
	at org.junit.runners.ParentRunner$1.schedule(ParentRunner.java:71) [junit-4.12.jar:4.12]
	at org.junit.runners.ParentRunner.runChildren(ParentRunner.java:288) [junit-4.12.jar:4.12]
	at org.junit.runners.ParentRunner.access$000(ParentRunner.java:58) [junit-4.12.jar:4.12]
	at org.junit.runners.ParentRunner$2.evaluate(ParentRunner.java:268) [junit-4.12.jar:4.12]
	at org.junit.runners.ParentRunner.run(ParentRunner.java:363) [junit-4.12.jar:4.12]
	at org.eclipse.jdt.internal.junit4.runner.JUnit4TestReference.run(JUnit4TestReference.java:86) [.cp/:?]
	at org.eclipse.jdt.internal.junit.runner.TestExecution.run(TestExecution.java:38) [.cp/:?]
	at org.eclipse.jdt.internal.junit.runner.RemoteTestRunner.runTests(RemoteTestRunner.java:459) [.cp/:?]
	at org.eclipse.jdt.internal.junit.runner.RemoteTestRunner.runTests(RemoteTestRunner.java:678) [.cp/:?]
	at org.eclipse.jdt.internal.junit.runner.RemoteTestRunner.run(RemoteTestRunner.java:382) [.cp/:?]
	at org.eclipse.jdt.internal.junit.runner.RemoteTestRunner.main(RemoteTestRunner.java:192) [.cp/:?]
2018-janvier-04 17:51:23 [main] FATAL levy.daniel.application.apptechnic.configurationmanagers.BundleConfigurationProjetManager - Classe BundleConfigurationProjetManager - Méthode getPathWorkspace() - Pas de valeur indiquée pour la clé 'workspace.home' dans configuration_projet_fr_FR.properties
2018-janvier-04 18:34:33 [main] FATAL levy.daniel.application.apptechnic.configurationmanagers.BundleConfigurationProjetManager - Classe BundleConfigurationProjetManager - Méthode getNomProjet() - Pas de valeur indiquée pour la clé 'projet.nom' dans configuration_projet_fr_FR.properties
2018-janvier-04 18:34:59 [main] FATAL levy.daniel.application.apptechnic.configurationmanagers.BundleConfigurationProjetManager - Classe BundleConfigurationProjetManager - Méthode getNomProjet() - La clé : 'projet.nom' est introuvable dans configuration_projet_fr_FR.properties
java.util.MissingResourceException: Can't find resource for bundle java.util.PropertyResourceBundle, key projet.nom
	at java.util.ResourceBundle.getObject(ResourceBundle.java:450) ~[?:1.8.0_144]
	at java.util.ResourceBundle.getString(ResourceBundle.java:407) ~[?:1.8.0_144]
	at levy.daniel.application.apptechnic.configurationmanagers.BundleConfigurationProjetManager.getNomProjet(BundleConfigurationProjetManager.java:518) [classes/:?]
	at levy.daniel.application.apptechnic.configurationmanagers.BundleConfigurationProjetManagerTest.testGetNomProjet(BundleConfigurationProjetManagerTest.java:495) [test-classes/:?]
	at sun.reflect.NativeMethodAccessorImpl.invoke0(Native Method) ~[?:1.8.0_144]
	at sun.reflect.NativeMethodAccessorImpl.invoke(NativeMethodAccessorImpl.java:62) ~[?:1.8.0_144]
	at sun.reflect.DelegatingMethodAccessorImpl.invoke(DelegatingMethodAccessorImpl.java:43) ~[?:1.8.0_144]
	at java.lang.reflect.Method.invoke(Method.java:498) ~[?:1.8.0_144]
	at org.junit.runners.model.FrameworkMethod$1.runReflectiveCall(FrameworkMethod.java:50) [junit-4.12.jar:4.12]
	at org.junit.internal.runners.model.ReflectiveCallable.run(ReflectiveCallable.java:12) [junit-4.12.jar:4.12]
	at org.junit.runners.model.FrameworkMethod.invokeExplosively(FrameworkMethod.java:47) [junit-4.12.jar:4.12]
	at org.junit.internal.runners.statements.InvokeMethod.evaluate(InvokeMethod.java:17) [junit-4.12.jar:4.12]
	at org.junit.runners.ParentRunner.runLeaf(ParentRunner.java:325) [junit-4.12.jar:4.12]
	at org.junit.runners.BlockJUnit4ClassRunner.runChild(BlockJUnit4ClassRunner.java:78) [junit-4.12.jar:4.12]
	at org.junit.runners.BlockJUnit4ClassRunner.runChild(BlockJUnit4ClassRunner.java:57) [junit-4.12.jar:4.12]
	at org.junit.runners.ParentRunner$3.run(ParentRunner.java:290) [junit-4.12.jar:4.12]
	at org.junit.runners.ParentRunner$1.schedule(ParentRunner.java:71) [junit-4.12.jar:4.12]
	at org.junit.runners.ParentRunner.runChildren(ParentRunner.java:288) [junit-4.12.jar:4.12]
	at org.junit.runners.ParentRunner.access$000(ParentRunner.java:58) [junit-4.12.jar:4.12]
	at org.junit.runners.ParentRunner$2.evaluate(ParentRunner.java:268) [junit-4.12.jar:4.12]
	at org.junit.runners.ParentRunner.run(ParentRunner.java:363) [junit-4.12.jar:4.12]
	at org.eclipse.jdt.internal.junit4.runner.JUnit4TestReference.run(JUnit4TestReference.java:86) [.cp/:?]
	at org.eclipse.jdt.internal.junit.runner.TestExecution.run(TestExecution.java:38) [.cp/:?]
	at org.eclipse.jdt.internal.junit.runner.RemoteTestRunner.runTests(RemoteTestRunner.java:459) [.cp/:?]
	at org.eclipse.jdt.internal.junit.runner.RemoteTestRunner.runTests(RemoteTestRunner.java:678) [.cp/:?]
	at org.eclipse.jdt.internal.junit.runner.RemoteTestRunner.run(RemoteTestRunner.java:382) [.cp/:?]
	at org.eclipse.jdt.internal.junit.runner.RemoteTestRunner.main(RemoteTestRunner.java:192) [.cp/:?]
2018-janvier-07 18:25:55 [main] FATAL levy.daniel.application.apptechnic.generationcode.impl.EcriveurInterface - Impossible de créer les imports
java.lang.NullPointerException: null
	at java.io.Writer.write(Writer.java:157) ~[?:1.8.0_144]
	at levy.daniel.application.apptechnic.generationcode.impl.EcriveurInterface.ecrireStringDansFile(EcriveurInterface.java:2019) ~[classes/:?]
	at levy.daniel.application.apptechnic.generationcode.impl.EcriveurInterface.ecrireImports(EcriveurInterface.java:664) [classes/:?]
	at levy.daniel.application.apptechnic.generationcode.impl.EcriveurInterface.ecrireCodeInterface(EcriveurInterface.java:480) [classes/:?]
	at levy.daniel.application.apptechnic.generationcode.GenerateurCode.genererObjetMetier(GenerateurCode.java:161) [classes/:?]
	at levy.daniel.application.Application.main(Application.java:68) [classes/:?]
2018-janvier-08 17:54:35 [main] FATAL levy.daniel.application.apptechnic.generationcode.AbstractEcriveur - Impossible de créer la javadoc
java.lang.NullPointerException: null
	at levy.daniel.application.apptechnic.generationcode.AbstractEcriveur.ecrireJavaDoc(AbstractEcriveur.java:873) [classes/:?]
	at levy.daniel.application.apptechnic.generationcode.impl.EcriveurAbstractClass.ecrireCodeHook(EcriveurAbstractClass.java:82) [classes/:?]
	at levy.daniel.application.apptechnic.generationcode.AbstractEcriveur.ecrireCode(AbstractEcriveur.java:596) [classes/:?]
	at levy.daniel.application.apptechnic.generationcode.GenerateurCode.genererObjetMetier(GenerateurCode.java:186) [classes/:?]
	at levy.daniel.application.Application.main(Application.java:68) [classes/:?]
2018-janvier-09 14:15:07 [main] FATAL levy.daniel.application.apptechnic.generationcode.GenerateurCode - Nom de classe non conforme : profilSimple
2018-janvier-12 19:53:20 [main] FATAL levy.daniel.application.apptechnic.generationcode.AbstractEcriveur - Impossible de créer la javadoc
java.lang.NullPointerException: null
	at levy.daniel.application.apptechnic.generationcode.impl.EcriveurInterface.creerLignesJavaDoc(EcriveurInterface.java:261) ~[classes/:?]
	at levy.daniel.application.apptechnic.generationcode.AbstractEcriveur.ecrireJavaDoc(AbstractEcriveur.java:1263) [classes/:?]
	at levy.daniel.application.apptechnic.generationcode.AbstractEcriveur.ecrireCode(AbstractEcriveur.java:982) [classes/:?]
	at levy.daniel.application.apptechnic.generationcode.model.metier.GenerateurMetier.genererObjetMetier(GenerateurMetier.java:326) [classes/:?]
	at levy.daniel.application.Application.main(Application.java:152) [classes/:?]
2018-janvier-12 19:57:26 [main] FATAL levy.daniel.application.apptechnic.generationcode.AbstractEcriveur - Impossible de créer la javadoc
java.util.NoSuchElementException: null
	at java.util.LinkedHashMap$LinkedHashIterator.nextNode(LinkedHashMap.java:721) ~[?:1.8.0_144]
	at java.util.LinkedHashMap$LinkedEntryIterator.next(LinkedHashMap.java:752) ~[?:1.8.0_144]
	at java.util.LinkedHashMap$LinkedEntryIterator.next(LinkedHashMap.java:750) ~[?:1.8.0_144]
	at levy.daniel.application.apptechnic.generationcode.impl.EcriveurInterface.creerLignesJavaDoc(EcriveurInterface.java:333) ~[classes/:?]
	at levy.daniel.application.apptechnic.generationcode.AbstractEcriveur.ecrireJavaDoc(AbstractEcriveur.java:1263) [classes/:?]
	at levy.daniel.application.apptechnic.generationcode.AbstractEcriveur.ecrireCode(AbstractEcriveur.java:982) [classes/:?]
	at levy.daniel.application.apptechnic.generationcode.model.metier.GenerateurMetier.genererObjetMetier(GenerateurMetier.java:326) [classes/:?]
	at levy.daniel.application.Application.main(Application.java:152) [classes/:?]
2018-janvier-15 21:19:49 [main] FATAL levy.daniel.application.apptechnic.generationcode.impl.EcriveurAbstractClass - Impossible d'écrire les méthodes
java.lang.NullPointerException: null
	at java.util.ArrayList.addAll(ArrayList.java:577) ~[?:1.8.0_144]
	at levy.daniel.application.apptechnic.generationcode.impl.EcriveurAbstractClass.creerJavadocCompareTo(EcriveurAbstractClass.java:702) ~[classes/:?]
	at levy.daniel.application.apptechnic.generationcode.AbstractEcriveur.ecrireCompareTo(AbstractEcriveur.java:3710) ~[classes/:?]
	at levy.daniel.application.apptechnic.generationcode.impl.EcriveurAbstractClass.ecrireBlocMethodes(EcriveurAbstractClass.java:259) ~[classes/:?]
	at levy.daniel.application.apptechnic.generationcode.impl.EcriveurAbstractClass.ecrireCodeHook(EcriveurAbstractClass.java:115) [classes/:?]
	at levy.daniel.application.apptechnic.generationcode.AbstractEcriveur.ecrireCode(AbstractEcriveur.java:1121) [classes/:?]
	at levy.daniel.application.apptechnic.generationcode.model.metier.GenerateurMetier.genererObjetMetier(GenerateurMetier.java:370) [classes/:?]
	at levy.daniel.application.Application.main(Application.java:152) [classes/:?]
2018-janvier-16 11:59:03 [main] FATAL levy.daniel.application.apptechnic.generationcode.AbstractEcriveur - Impossible de créer la méthode clone()
java.lang.NullPointerException: null
	at java.util.ArrayList.addAll(ArrayList.java:577) ~[?:1.8.0_144]
	at levy.daniel.application.apptechnic.generationcode.impl.EcriveurInterface.creerCodeClone(EcriveurInterface.java:801) ~[classes/:?]
	at levy.daniel.application.apptechnic.generationcode.AbstractEcriveur.ecrireMethodClone(AbstractEcriveur.java:3863) [classes/:?]
	at levy.daniel.application.apptechnic.generationcode.impl.EcriveurInterface.ecrireBlocMethodes(EcriveurInterface.java:176) [classes/:?]
	at levy.daniel.application.apptechnic.generationcode.impl.EcriveurInterface.ecrireCodeHook(EcriveurInterface.java:109) [classes/:?]
	at levy.daniel.application.apptechnic.generationcode.AbstractEcriveur.ecrireCode(AbstractEcriveur.java:1121) [classes/:?]
	at levy.daniel.application.apptechnic.generationcode.model.metier.GenerateurMetier.genererObjetMetier(GenerateurMetier.java:367) [classes/:?]
	at levy.daniel.application.Application.main(Application.java:152) [classes/:?]
2018-janvier-18 17:23:52 [main] FATAL levy.daniel.application.apptechnic.generationcode.ecriveurs.AbstractEcriveur - Impossible de créer la méthode clone()
java.lang.ArrayIndexOutOfBoundsException: -1
	at java.util.ArrayList.elementData(ArrayList.java:418) ~[?:1.8.0_144]
	at java.util.ArrayList.get(ArrayList.java:431) ~[?:1.8.0_144]
	at levy.daniel.application.apptechnic.generationcode.ecriveurs.AbstractEcriveur.fournirDerniereLigneListe(AbstractEcriveur.java:7257) ~[classes/:?]
	at levy.daniel.application.apptechnic.generationcode.ecriveurs.AbstractEcriveur.ecrireClone(AbstractEcriveur.java:3213) [classes/:?]
	at levy.daniel.application.apptechnic.generationcode.ecriveurs.impl.EcriveurConcreteClass.ecrireBlocMethodes(EcriveurConcreteClass.java:260) [classes/:?]
	at levy.daniel.application.apptechnic.generationcode.ecriveurs.impl.EcriveurConcreteClass.ecrireCodeHook(EcriveurConcreteClass.java:113) [classes/:?]
	at levy.daniel.application.apptechnic.generationcode.ecriveurs.AbstractEcriveur.ecrireCode(AbstractEcriveur.java:484) [classes/:?]
	at levy.daniel.application.apptechnic.generationcode.model.metier.GenerateurMetier.genererHook(GenerateurMetier.java:125) [classes/:?]
	at levy.daniel.application.apptechnic.generationcode.AbstractGenerateur.generer(AbstractGenerateur.java:458) [classes/:?]
	at levy.daniel.application.Application.main(Application.java:165) [classes/:?]
2018-janvier-18 17:23:52 [main] FATAL levy.daniel.application.apptechnic.generationcode.ecriveurs.AbstractEcriveur - Impossible de créer la méthode toString()
java.lang.ArrayIndexOutOfBoundsException: -1
	at java.util.ArrayList.elementData(ArrayList.java:418) ~[?:1.8.0_144]
	at java.util.ArrayList.get(ArrayList.java:431) ~[?:1.8.0_144]
	at levy.daniel.application.apptechnic.generationcode.ecriveurs.AbstractEcriveur.fournirDerniereLigneListe(AbstractEcriveur.java:7257) ~[classes/:?]
	at levy.daniel.application.apptechnic.generationcode.ecriveurs.AbstractEcriveur.ecrireToString(AbstractEcriveur.java:3337) [classes/:?]
	at levy.daniel.application.apptechnic.generationcode.ecriveurs.impl.EcriveurConcreteClass.ecrireBlocMethodes(EcriveurConcreteClass.java:263) [classes/:?]
	at levy.daniel.application.apptechnic.generationcode.ecriveurs.impl.EcriveurConcreteClass.ecrireCodeHook(EcriveurConcreteClass.java:113) [classes/:?]
	at levy.daniel.application.apptechnic.generationcode.ecriveurs.AbstractEcriveur.ecrireCode(AbstractEcriveur.java:484) [classes/:?]
	at levy.daniel.application.apptechnic.generationcode.model.metier.GenerateurMetier.genererHook(GenerateurMetier.java:125) [classes/:?]
	at levy.daniel.application.apptechnic.generationcode.AbstractGenerateur.generer(AbstractGenerateur.java:458) [classes/:?]
	at levy.daniel.application.Application.main(Application.java:165) [classes/:?]
2018-janvier-18 17:23:52 [main] FATAL levy.daniel.application.apptechnic.generationcode.ecriveurs.AbstractEcriveur - Impossible de créer la méthode getEnTeteCsv()
java.lang.ArrayIndexOutOfBoundsException: -1
	at java.util.ArrayList.elementData(ArrayList.java:418) ~[?:1.8.0_144]
	at java.util.ArrayList.get(ArrayList.java:431) ~[?:1.8.0_144]
	at levy.daniel.application.apptechnic.generationcode.ecriveurs.AbstractEcriveur.fournirDerniereLigneListe(AbstractEcriveur.java:7257) ~[classes/:?]
	at levy.daniel.application.apptechnic.generationcode.ecriveurs.AbstractEcriveur.ecrireGetEnTeteCsv(AbstractEcriveur.java:3461) [classes/:?]
	at levy.daniel.application.apptechnic.generationcode.ecriveurs.impl.EcriveurConcreteClass.ecrireBlocMethodes(EcriveurConcreteClass.java:266) [classes/:?]
	at levy.daniel.application.apptechnic.generationcode.ecriveurs.impl.EcriveurConcreteClass.ecrireCodeHook(EcriveurConcreteClass.java:113) [classes/:?]
	at levy.daniel.application.apptechnic.generationcode.ecriveurs.AbstractEcriveur.ecrireCode(AbstractEcriveur.java:484) [classes/:?]
	at levy.daniel.application.apptechnic.generationcode.model.metier.GenerateurMetier.genererHook(GenerateurMetier.java:125) [classes/:?]
	at levy.daniel.application.apptechnic.generationcode.AbstractGenerateur.generer(AbstractGenerateur.java:458) [classes/:?]
	at levy.daniel.application.Application.main(Application.java:165) [classes/:?]
2018-janvier-18 17:23:52 [main] FATAL levy.daniel.application.apptechnic.generationcode.ecriveurs.AbstractEcriveur - Impossible de créer la méthode toStringCsv()
java.lang.ArrayIndexOutOfBoundsException: -1
	at java.util.ArrayList.elementData(ArrayList.java:418) ~[?:1.8.0_144]
	at java.util.ArrayList.get(ArrayList.java:431) ~[?:1.8.0_144]
	at levy.daniel.application.apptechnic.generationcode.ecriveurs.AbstractEcriveur.fournirDerniereLigneListe(AbstractEcriveur.java:7257) ~[classes/:?]
	at levy.daniel.application.apptechnic.generationcode.ecriveurs.AbstractEcriveur.ecrireToStringCsv(AbstractEcriveur.java:3585) [classes/:?]
	at levy.daniel.application.apptechnic.generationcode.ecriveurs.impl.EcriveurConcreteClass.ecrireBlocMethodes(EcriveurConcreteClass.java:269) [classes/:?]
	at levy.daniel.application.apptechnic.generationcode.ecriveurs.impl.EcriveurConcreteClass.ecrireCodeHook(EcriveurConcreteClass.java:113) [classes/:?]
	at levy.daniel.application.apptechnic.generationcode.ecriveurs.AbstractEcriveur.ecrireCode(AbstractEcriveur.java:484) [classes/:?]
	at levy.daniel.application.apptechnic.generationcode.model.metier.GenerateurMetier.genererHook(GenerateurMetier.java:125) [classes/:?]
	at levy.daniel.application.apptechnic.generationcode.AbstractGenerateur.generer(AbstractGenerateur.java:458) [classes/:?]
	at levy.daniel.application.Application.main(Application.java:165) [classes/:?]
2018-janvier-18 17:23:52 [main] FATAL levy.daniel.application.apptechnic.generationcode.ecriveurs.AbstractEcriveur - Impossible de créer la méthode getEnTeteColonne()
java.lang.ArrayIndexOutOfBoundsException: -1
	at java.util.ArrayList.elementData(ArrayList.java:418) ~[?:1.8.0_144]
	at java.util.ArrayList.get(ArrayList.java:431) ~[?:1.8.0_144]
	at levy.daniel.application.apptechnic.generationcode.ecriveurs.AbstractEcriveur.fournirDerniereLigneListe(AbstractEcriveur.java:7257) ~[classes/:?]
	at levy.daniel.application.apptechnic.generationcode.ecriveurs.AbstractEcriveur.ecrireGetEnTeteColonne(AbstractEcriveur.java:3709) [classes/:?]
	at levy.daniel.application.apptechnic.generationcode.ecriveurs.impl.EcriveurConcreteClass.ecrireBlocMethodes(EcriveurConcreteClass.java:272) [classes/:?]
	at levy.daniel.application.apptechnic.generationcode.ecriveurs.impl.EcriveurConcreteClass.ecrireCodeHook(EcriveurConcreteClass.java:113) [classes/:?]
	at levy.daniel.application.apptechnic.generationcode.ecriveurs.AbstractEcriveur.ecrireCode(AbstractEcriveur.java:484) [classes/:?]
	at levy.daniel.application.apptechnic.generationcode.model.metier.GenerateurMetier.genererHook(GenerateurMetier.java:125) [classes/:?]
	at levy.daniel.application.apptechnic.generationcode.AbstractGenerateur.generer(AbstractGenerateur.java:458) [classes/:?]
	at levy.daniel.application.Application.main(Application.java:165) [classes/:?]
2018-janvier-18 17:23:52 [main] FATAL levy.daniel.application.apptechnic.generationcode.ecriveurs.AbstractEcriveur - Impossible de créer la méthode getValeurColonne()
java.lang.ArrayIndexOutOfBoundsException: -1
	at java.util.ArrayList.elementData(ArrayList.java:418) ~[?:1.8.0_144]
	at java.util.ArrayList.get(ArrayList.java:431) ~[?:1.8.0_144]
	at levy.daniel.application.apptechnic.generationcode.ecriveurs.AbstractEcriveur.fournirDerniereLigneListe(AbstractEcriveur.java:7257) ~[classes/:?]
	at levy.daniel.application.apptechnic.generationcode.ecriveurs.AbstractEcriveur.ecrireGetValeurColonne(AbstractEcriveur.java:3833) [classes/:?]
	at levy.daniel.application.apptechnic.generationcode.ecriveurs.impl.EcriveurConcreteClass.ecrireBlocMethodes(EcriveurConcreteClass.java:275) [classes/:?]
	at levy.daniel.application.apptechnic.generationcode.ecriveurs.impl.EcriveurConcreteClass.ecrireCodeHook(EcriveurConcreteClass.java:113) [classes/:?]
	at levy.daniel.application.apptechnic.generationcode.ecriveurs.AbstractEcriveur.ecrireCode(AbstractEcriveur.java:484) [classes/:?]
	at levy.daniel.application.apptechnic.generationcode.model.metier.GenerateurMetier.genererHook(GenerateurMetier.java:125) [classes/:?]
	at levy.daniel.application.apptechnic.generationcode.AbstractGenerateur.generer(AbstractGenerateur.java:458) [classes/:?]
	at levy.daniel.application.Application.main(Application.java:165) [classes/:?]
2018-janvier-18 17:23:52 [main] FATAL levy.daniel.application.apptechnic.generationcode.ecriveurs.AbstractEcriveur - Impossible de créer la méthode getId()
java.lang.ArrayIndexOutOfBoundsException: -1
	at java.util.ArrayList.elementData(ArrayList.java:418) ~[?:1.8.0_144]
	at java.util.ArrayList.get(ArrayList.java:431) ~[?:1.8.0_144]
	at levy.daniel.application.apptechnic.generationcode.ecriveurs.AbstractEcriveur.fournirDerniereLigneListe(AbstractEcriveur.java:7257) ~[classes/:?]
	at levy.daniel.application.apptechnic.generationcode.ecriveurs.AbstractEcriveur.ecrireGetId(AbstractEcriveur.java:3958) [classes/:?]
	at levy.daniel.application.apptechnic.generationcode.ecriveurs.impl.EcriveurConcreteClass.ecrireBlocMethodes(EcriveurConcreteClass.java:278) [classes/:?]
	at levy.daniel.application.apptechnic.generationcode.ecriveurs.impl.EcriveurConcreteClass.ecrireCodeHook(EcriveurConcreteClass.java:113) [classes/:?]
	at levy.daniel.application.apptechnic.generationcode.ecriveurs.AbstractEcriveur.ecrireCode(AbstractEcriveur.java:484) [classes/:?]
	at levy.daniel.application.apptechnic.generationcode.model.metier.GenerateurMetier.genererHook(GenerateurMetier.java:125) [classes/:?]
	at levy.daniel.application.apptechnic.generationcode.AbstractGenerateur.generer(AbstractGenerateur.java:458) [classes/:?]
	at levy.daniel.application.Application.main(Application.java:165) [classes/:?]
2018-janvier-18 17:23:52 [main] FATAL levy.daniel.application.apptechnic.generationcode.ecriveurs.AbstractEcriveur - Impossible de créer la méthode setId()
java.lang.ArrayIndexOutOfBoundsException: -1
	at java.util.ArrayList.elementData(ArrayList.java:418) ~[?:1.8.0_144]
	at java.util.ArrayList.get(ArrayList.java:431) ~[?:1.8.0_144]
	at levy.daniel.application.apptechnic.generationcode.ecriveurs.AbstractEcriveur.fournirDerniereLigneListe(AbstractEcriveur.java:7257) ~[classes/:?]
	at levy.daniel.application.apptechnic.generationcode.ecriveurs.AbstractEcriveur.ecrireSetId(AbstractEcriveur.java:4099) [classes/:?]
	at levy.daniel.application.apptechnic.generationcode.ecriveurs.impl.EcriveurConcreteClass.ecrireBlocMethodes(EcriveurConcreteClass.java:281) [classes/:?]
	at levy.daniel.application.apptechnic.generationcode.ecriveurs.impl.EcriveurConcreteClass.ecrireCodeHook(EcriveurConcreteClass.java:113) [classes/:?]
	at levy.daniel.application.apptechnic.generationcode.ecriveurs.AbstractEcriveur.ecrireCode(AbstractEcriveur.java:484) [classes/:?]
	at levy.daniel.application.apptechnic.generationcode.model.metier.GenerateurMetier.genererHook(GenerateurMetier.java:125) [classes/:?]
	at levy.daniel.application.apptechnic.generationcode.AbstractGenerateur.generer(AbstractGenerateur.java:458) [classes/:?]
	at levy.daniel.application.Application.main(Application.java:165) [classes/:?]
